\BOOKMARK [1][-]{section.1}{\376\377\0001\000\040\000C\000o\000d\000i\000n\000g\000\040\000O\000b\000j\000e\000c\000t\000i\000v\000e}{}% 1
\BOOKMARK [1][-]{section.2}{\376\377\0002\000\040\000D\000e\000v\000e\000l\000o\000p\000m\000e\000n\000t\000\040\000D\000e\000l\000i\000v\000e\000r\000a\000b\000l\000e\000s}{}% 2
\BOOKMARK [1][-]{section.3}{\376\377\0003\000\040\000I\000m\000p\000l\000e\000m\000e\000n\000t\000a\000t\000i\000o\000n\000\040\000P\000l\000a\000n}{}% 3
\BOOKMARK [2][-]{subsection.3.1}{\376\377\0003\000.\0001\000\040\000M\000e\000t\000h\000o\000d\000o\000l\000o\000g\000y\000\040\000a\000n\000d\000\040\000E\000x\000e\000c\000u\000t\000i\000o\000n\000\040\000F\000r\000a\000m\000e\000w\000o\000r\000k}{section.3}% 4
\BOOKMARK [2][-]{subsection.3.2}{\376\377\0003\000.\0002\000\040\000I\000m\000p\000l\000e\000m\000e\000n\000t\000a\000t\000i\000o\000n\000\040\000P\000l\000a\000n\000\040\000M\000a\000t\000r\000i\000x\000\040\040\024\000\040\000C\000S\000T\000-\0004\0005\0002\000\040\000D\000e\000v\000e\000l\000o\000p\000m\000e\000n\000t\000\040\000I\000t\000e\000r\000a\000t\000i\000o\000n\000s}{section.3}% 5
\BOOKMARK [1][-]{section.4}{\376\377\0004\000\040\000F\000u\000n\000c\000t\000i\000o\000n\000a\000l\000\040\000R\000e\000q\000u\000i\000r\000e\000m\000e\000n\000t\000s\000\040\000M\000a\000p\000p\000i\000n\000g\000\040\000\050\000T\000r\000a\000c\000e\000a\000b\000i\000l\000i\000t\000y\000\040\000M\000a\000t\000r\000i\000x\000\051}{}% 6
\BOOKMARK [1][-]{section.5}{\376\377\0005\000\040\000S\000o\000u\000r\000c\000e\000\040\000C\000o\000d\000e\000\040\000L\000i\000s\000t\000i\000n\000g\000\040\000\046\000\040\000A\000r\000c\000h\000i\000t\000e\000c\000t\000u\000r\000a\000l\000\040\000I\000m\000p\000l\000e\000m\000e\000n\000t\000a\000t\000i\000o\000n}{}% 7
\BOOKMARK [2][-]{subsection.5.1}{\376\377\0005\000.\0001\000\040\000S\000y\000s\000t\000e\000m\000\040\000A\000r\000c\000h\000i\000t\000e\000c\000t\000u\000r\000e\000\040\000O\000v\000e\000r\000v\000i\000e\000w}{section.5}% 8
\BOOKMARK [2][-]{subsection.5.2}{\376\377\0005\000.\0002\000\040\000B\000a\000c\000k\000e\000n\000d\000\040\000A\000r\000c\000h\000i\000t\000e\000c\000t\000u\000r\000e\000\040\000I\000m\000p\000l\000e\000m\000e\000n\000t\000a\000t\000i\000o\000n\000\040\000\050\000/\000b\000a\000c\000k\000e\000n\000d\000\051}{section.5}% 9
\BOOKMARK [3][-]{subsubsection.5.2.1}{\376\377\0005\000.\0002\000.\0001\000\040\000C\000o\000r\000e\000\040\000A\000p\000p\000l\000i\000c\000a\000t\000i\000o\000n\000\040\000L\000a\000y\000e\000r\000\040\040\024\000\040\000s\000r\000c\000/\000s\000e\000r\000v\000e\000r\000.\000t\000s}{subsection.5.2}% 10
\BOOKMARK [3][-]{subsubsection.5.2.2}{\376\377\0005\000.\0002\000.\0002\000\040\000A\000u\000t\000h\000e\000n\000t\000i\000c\000a\000t\000i\000o\000n\000\040\000\046\000\040\000A\000u\000t\000h\000o\000r\000i\000z\000a\000t\000i\000o\000n\000\040\000L\000a\000y\000e\000r\000\040\040\024\000\040\000s\000r\000c\000/\000c\000o\000n\000f\000i\000g\000/\000p\000a\000s\000s\000p\000o\000r\000t\000.\000t\000s}{subsection.5.2}% 11
\BOOKMARK [3][-]{subsubsection.5.2.3}{\376\377\0005\000.\0002\000.\0003\000\040\000D\000a\000t\000a\000\040\000A\000c\000c\000e\000s\000s\000\040\000L\000a\000y\000e\000r\000\040\040\024\000\040\000D\000a\000t\000a\000b\000a\000s\000e\000\040\000S\000c\000h\000e\000m\000a\000\040\000D\000e\000s\000i\000g\000n}{subsection.5.2}% 12
\BOOKMARK [3][-]{subsubsection.5.2.4}{\376\377\0005\000.\0002\000.\0004\000\040\000A\000P\000I\000\040\000L\000a\000y\000e\000r\000\040\000\046\000\040\000B\000u\000s\000i\000n\000e\000s\000s\000\040\000S\000e\000r\000v\000i\000c\000e\000s}{subsection.5.2}% 13
\BOOKMARK [2][-]{subsection.5.3}{\376\377\0005\000.\0003\000\040\000F\000r\000o\000n\000t\000e\000n\000d\000\040\000A\000r\000c\000h\000i\000t\000e\000c\000t\000u\000r\000e\000\040\000I\000m\000p\000l\000e\000m\000e\000n\000t\000a\000t\000i\000o\000n\000\040\000\050\000/\000L\000u\000n\000a\000r\000a\000\051}{section.5}% 14
\BOOKMARK [3][-]{subsubsection.5.3.1}{\376\377\0005\000.\0003\000.\0001\000\040\000A\000p\000p\000l\000i\000c\000a\000t\000i\000o\000n\000\040\000R\000o\000o\000t\000\040\040\024\000\040\000s\000r\000c\000/\000A\000p\000p\000.\000t\000s\000x}{subsection.5.3}% 15
\BOOKMARK [3][-]{subsubsection.5.3.2}{\376\377\0005\000.\0003\000.\0002\000\040\000C\000l\000i\000e\000n\000t\000\040\000C\000h\000e\000c\000k\000-\000i\000n\000\040\000C\000o\000m\000p\000o\000n\000e\000n\000t\000\040\040\024\000\040\000s\000r\000c\000/\000c\000o\000m\000p\000o\000n\000e\000n\000t\000s\000/\000c\000l\000i\000e\000n\000t\000/\000C\000l\000i\000e\000n\000t\000C\000h\000e\000c\000k\000I\000n\000s\000.\000t\000s\000x}{subsection.5.3}% 16
\BOOKMARK [3][-]{subsubsection.5.3.3}{\376\377\0005\000.\0003\000.\0003\000\040\000I\000n\000t\000a\000k\000e\000\040\000W\000i\000z\000a\000r\000d\000\040\040\024\000\040\000s\000r\000c\000/\000c\000o\000m\000p\000o\000n\000e\000n\000t\000s\000/\000i\000n\000t\000a\000k\000e\000/\000C\000l\000i\000e\000n\000t\000I\000n\000t\000a\000k\000e\000W\000i\000z\000a\000r\000d\000.\000t\000s\000x}{subsection.5.3}% 17
\BOOKMARK [2][-]{subsection.5.4}{\376\377\0005\000.\0004\000\040\000S\000o\000u\000r\000c\000e\000\040\000C\000o\000d\000e\000\040\000F\000i\000l\000e\000\040\000I\000n\000v\000e\000n\000t\000o\000r\000y}{section.5}% 18
\BOOKMARK [1][-]{section.6}{\376\377\0006\000\040\000M\000i\000l\000e\000s\000t\000o\000n\000e\000\040\0004\000\040\000S\000p\000e\000c\000i\000a\000l\000\040\000N\000o\000t\000e\000\040\040\024\000\040\000S\000c\000o\000p\000e\000\040\000A\000d\000j\000u\000s\000t\000m\000e\000n\000t\000\040\000C\000o\000n\000t\000e\000x\000t}{}% 19
\BOOKMARK [1][-]{section.7}{\376\377\0007\000\040\000D\000a\000t\000a\000\040\000D\000i\000c\000t\000i\000o\000n\000a\000r\000y}{}% 20
\BOOKMARK [2][-]{subsection.7.1}{\376\377\0007\000.\0001\000\040\000U\000s\000e\000r}{section.7}% 21
\BOOKMARK [2][-]{subsection.7.2}{\376\377\0007\000.\0002\000\040\000C\000l\000i\000e\000n\000t}{section.7}% 22
\BOOKMARK [2][-]{subsection.7.3}{\376\377\0007\000.\0003\000\040\000P\000r\000o\000v\000i\000d\000e\000r}{section.7}% 23
\BOOKMARK [2][-]{subsection.7.4}{\376\377\0007\000.\0004\000\040\000A\000p\000p\000o\000i\000n\000t\000m\000e\000n\000t}{section.7}% 24
\BOOKMARK [2][-]{subsection.7.5}{\376\377\0007\000.\0005\000\040\000A\000v\000a\000i\000l\000a\000b\000i\000l\000i\000t\000y\000S\000l\000o\000t}{section.7}% 25
\BOOKMARK [2][-]{subsection.7.6}{\376\377\0007\000.\0006\000\040\000C\000a\000r\000e\000P\000l\000a\000n}{section.7}% 26
\BOOKMARK [2][-]{subsection.7.7}{\376\377\0007\000.\0007\000\040\000C\000h\000e\000c\000k\000I\000n}{section.7}% 27
\BOOKMARK [2][-]{subsection.7.8}{\376\377\0007\000.\0008\000\040\000M\000e\000s\000s\000a\000g\000e}{section.7}% 28
\BOOKMARK [2][-]{subsection.7.9}{\376\377\0007\000.\0009\000\040\000C\000l\000i\000e\000n\000t\000D\000o\000c\000u\000m\000e\000n\000t}{section.7}% 29
\BOOKMARK [2][-]{subsection.7.10}{\376\377\0007\000.\0001\0000\000\040\000B\000l\000o\000g\000P\000o\000s\000t}{section.7}% 30
\BOOKMARK [2][-]{subsection.7.11}{\376\377\0007\000.\0001\0001\000\040\000R\000e\000s\000o\000u\000r\000c\000e}{section.7}% 31
\BOOKMARK [2][-]{subsection.7.12}{\376\377\0007\000.\0001\0002\000\040\000S\000u\000p\000p\000o\000r\000t\000i\000n\000g\000\040\000M\000o\000d\000e\000l\000s}{section.7}% 32
\BOOKMARK [2][-]{subsection.7.13}{\376\377\0007\000.\0001\0003\000\040\000E\000n\000t\000i\000t\000y\000\040\000R\000e\000l\000a\000t\000i\000o\000n\000s\000h\000i\000p\000\040\000S\000u\000m\000m\000a\000r\000y}{section.7}% 33
\BOOKMARK [1][-]{section.8}{\376\377\0008\000\040\000A\000p\000p\000l\000i\000c\000a\000t\000i\000o\000n\000\040\000D\000e\000m\000o\000n\000s\000t\000r\000a\000t\000i\000o\000n}{}% 34
\BOOKMARK [2][-]{subsection.8.1}{\376\377\0008\000.\0001\000\040\000V\000i\000d\000e\000o\000\040\000D\000e\000m\000o\000n\000s\000t\000r\000a\000t\000i\000o\000n}{section.8}% 35
\BOOKMARK [1][-]{section.9}{\376\377\0009\000\040\000M\000o\000d\000u\000l\000e\000\040\000T\000e\000s\000t\000\040\000C\000a\000s\000e\000s\000\040\000\050\000T\000e\000s\000t\000\040\000P\000l\000a\000n\000\051}{}% 36
\BOOKMARK [2][-]{subsection.9.1}{\376\377\0009\000.\0001\000\040\000T\000e\000s\000t\000\040\000C\000a\000s\000e\000\040\000S\000u\000m\000m\000a\000r\000y}{section.9}% 37
\BOOKMARK [2][-]{subsection.9.2}{\376\377\0009\000.\0002\000\040\000D\000e\000t\000a\000i\000l\000e\000d\000\040\000T\000e\000s\000t\000\040\000C\000a\000s\000e\000\040\000S\000p\000e\000c\000i\000f\000i\000c\000a\000t\000i\000o\000n\000s}{section.9}% 38
\BOOKMARK [2][-]{subsection.9.3}{\376\377\0009\000.\0003\000\040\000A\000u\000t\000o\000m\000a\000t\000e\000d\000\040\000T\000e\000s\000t\000\040\000E\000x\000e\000c\000u\000t\000i\000o\000n\000\040\000R\000e\000s\000u\000l\000t\000s}{section.9}% 39
\BOOKMARK [1][-]{section.10}{\376\377\0001\0000\000\040\000A\000p\000p\000l\000i\000c\000a\000t\000i\000o\000n\000\040\000S\000c\000r\000e\000e\000n\000s\000h\000o\000t\000s}{}% 40
\BOOKMARK [2][-]{subsection.10.1}{\376\377\0001\0000\000.\0001\000\040\000P\000u\000b\000l\000i\000c\000\040\000W\000e\000b\000s\000i\000t\000e\000\040\000\050\000F\000R\0001\000\051}{section.10}% 41
\BOOKMARK [2][-]{subsection.10.2}{\376\377\0001\0000\000.\0002\000\040\000P\000r\000o\000v\000i\000d\000e\000r\000\040\000D\000a\000s\000h\000b\000o\000a\000r\000d\000\040\000\050\000F\000R\0003\000,\000\040\000F\000R\0009\000,\000\040\000F\000R\0001\0001\000\051}{section.10}% 42
\BOOKMARK [2][-]{subsection.10.3}{\376\377\0001\0000\000.\0003\000\040\000C\000l\000i\000e\000n\000t\000\040\000D\000a\000s\000h\000b\000o\000a\000r\000d\000\040\000\050\000F\000R\0003\000,\000\040\000F\000R\0004\000,\000\040\000F\000R\0005\000,\000\040\000F\000R\0006\000,\000\040\000F\000R\0007\000,\000\040\000F\000R\0008\000,\000\040\000D\000o\000c\000u\000m\000e\000n\000t\000s\000\051}{section.10}% 43
