\BOOKMARK [1][-]{section.1}{\376\377\0001\000\040\000C\000o\000d\000i\000n\000g\000\040\000O\000b\000j\000e\000c\000t\000i\000v\000e}{}% 1
\BOOKMARK [1][-]{section.2}{\376\377\0002\000\040\000D\000e\000v\000e\000l\000o\000p\000m\000e\000n\000t\000\040\000D\000e\000l\000i\000v\000e\000r\000a\000b\000l\000e\000s}{}% 2
\BOOKMARK [1][-]{section.3}{\376\377\0003\000\040\000I\000m\000p\000l\000e\000m\000e\000n\000t\000a\000t\000i\000o\000n\000\040\000P\000l\000a\000n}{}% 3
\BOOKMARK [2][-]{subsection.3.1}{\376\377\0003\000.\0001\000\040\000M\000e\000t\000h\000o\000d\000o\000l\000o\000g\000y\000\040\000a\000n\000d\000\040\000E\000x\000e\000c\000u\000t\000i\000o\000n\000\040\000F\000r\000a\000m\000e\000w\000o\000r\000k}{section.3}% 4
\BOOKMARK [2][-]{subsection.3.2}{\376\377\0003\000.\0002\000\040\000I\000m\000p\000l\000e\000m\000e\000n\000t\000a\000t\000i\000o\000n\000\040\000P\000l\000a\000n\000\040\000M\000a\000t\000r\000i\000x\000\040\040\024\000\040\000C\000S\000T\000-\0004\0005\0002\000\040\000D\000e\000v\000e\000l\000o\000p\000m\000e\000n\000t\000\040\000I\000t\000e\000r\000a\000t\000i\000o\000n\000s}{section.3}% 5
\BOOKMARK [1][-]{section.4}{\376\377\0004\000\040\000F\000u\000n\000c\000t\000i\000o\000n\000a\000l\000\040\000R\000e\000q\000u\000i\000r\000e\000m\000e\000n\000t\000s\000\040\000M\000a\000p\000p\000i\000n\000g\000\040\000\050\000T\000r\000a\000c\000e\000a\000b\000i\000l\000i\000t\000y\000\040\000M\000a\000t\000r\000i\000x\000\051}{}% 6
\BOOKMARK [1][-]{section.5}{\376\377\0005\000\040\000S\000o\000u\000r\000c\000e\000\040\000C\000o\000d\000e\000\040\000L\000i\000s\000t\000i\000n\000g\000\040\000\046\000\040\000A\000r\000c\000h\000i\000t\000e\000c\000t\000u\000r\000a\000l\000\040\000I\000m\000p\000l\000e\000m\000e\000n\000t\000a\000t\000i\000o\000n}{}% 7
\BOOKMARK [2][-]{subsection.5.1}{\376\377\0005\000.\0001\000\040\000S\000y\000s\000t\000e\000m\000\040\000A\000r\000c\000h\000i\000t\000e\000c\000t\000u\000r\000e\000\040\000O\000v\000e\000r\000v\000i\000e\000w}{section.5}% 8
\BOOKMARK [2][-]{subsection.5.2}{\376\377\0005\000.\0002\000\040\000B\000a\000c\000k\000e\000n\000d\000\040\000A\000r\000c\000h\000i\000t\000e\000c\000t\000u\000r\000e\000\040\000I\000m\000p\000l\000e\000m\000e\000n\000t\000a\000t\000i\000o\000n\000\040\000\050\000/\000b\000a\000c\000k\000e\000n\000d\000\051}{section.5}% 9
\BOOKMARK [3][-]{subsubsection.5.2.1}{\376\377\0005\000.\0002\000.\0001\000\040\000C\000o\000r\000e\000\040\000A\000p\000p\000l\000i\000c\000a\000t\000i\000o\000n\000\040\000L\000a\000y\000e\000r\000\040\040\024\000\040\000s\000r\000c\000/\000s\000e\000r\000v\000e\000r\000.\000t\000s}{subsection.5.2}% 10
\BOOKMARK [3][-]{subsubsection.5.2.2}{\376\377\0005\000.\0002\000.\0002\000\040\000A\000u\000t\000h\000e\000n\000t\000i\000c\000a\000t\000i\000o\000n\000\040\000\046\000\040\000A\000u\000t\000h\000o\000r\000i\000z\000a\000t\000i\000o\000n\000\040\000L\000a\000y\000e\000r\000\040\040\024\000\040\000s\000r\000c\000/\000c\000o\000n\000f\000i\000g\000/\000p\000a\000s\000s\000p\000o\000r\000t\000.\000t\000s}{subsection.5.2}% 11
\BOOKMARK [3][-]{subsubsection.5.2.3}{\376\377\0005\000.\0002\000.\0003\000\040\000D\000a\000t\000a\000\040\000A\000c\000c\000e\000s\000s\000\040\000L\000a\000y\000e\000r\000\040\040\024\000\040\000D\000a\000t\000a\000b\000a\000s\000e\000\040\000S\000c\000h\000e\000m\000a\000\040\000D\000e\000s\000i\000g\000n}{subsection.5.2}% 12
\BOOKMARK [3][-]{subsubsection.5.2.4}{\376\377\0005\000.\0002\000.\0004\000\040\000A\000P\000I\000\040\000L\000a\000y\000e\000r\000\040\000\046\000\040\000B\000u\000s\000i\000n\000e\000s\000s\000\040\000S\000e\000r\000v\000i\000c\000e\000s}{subsection.5.2}% 13
\BOOKMARK [2][-]{subsection.5.3}{\376\377\0005\000.\0003\000\040\000F\000r\000o\000n\000t\000e\000n\000d\000\040\000A\000r\000c\000h\000i\000t\000e\000c\000t\000u\000r\000e\000\040\000I\000m\000p\000l\000e\000m\000e\000n\000t\000a\000t\000i\000o\000n\000\040\000\050\000/\000L\000u\000n\000a\000r\000a\000\051}{section.5}% 14
\BOOKMARK [3][-]{subsubsection.5.3.1}{\376\377\0005\000.\0003\000.\0001\000\040\000A\000p\000p\000l\000i\000c\000a\000t\000i\000o\000n\000\040\000R\000o\000o\000t\000\040\040\024\000\040\000s\000r\000c\000/\000A\000p\000p\000.\000t\000s\000x}{subsection.5.3}% 15
\BOOKMARK [3][-]{subsubsection.5.3.2}{\376\377\0005\000.\0003\000.\0002\000\040\000C\000l\000i\000e\000n\000t\000\040\000C\000h\000e\000c\000k\000-\000i\000n\000\040\000C\000o\000m\000p\000o\000n\000e\000n\000t\000\040\040\024\000\040\000s\000r\000c\000/\000c\000o\000m\000p\000o\000n\000e\000n\000t\000s\000/\000c\000l\000i\000e\000n\000t\000/\000C\000l\000i\000e\000n\000t\000C\000h\000e\000c\000k\000I\000n\000s\000.\000t\000s\000x}{subsection.5.3}% 16
\BOOKMARK [3][-]{subsubsection.5.3.3}{\376\377\0005\000.\0003\000.\0003\000\040\000I\000n\000t\000a\000k\000e\000\040\000W\000i\000z\000a\000r\000d\000\040\040\024\000\040\000s\000r\000c\000/\000c\000o\000m\000p\000o\000n\000e\000n\000t\000s\000/\000i\000n\000t\000a\000k\000e\000/\000C\000l\000i\000e\000n\000t\000I\000n\000t\000a\000k\000e\000W\000i\000z\000a\000r\000d\000.\000t\000s\000x}{subsection.5.3}% 17
\BOOKMARK [2][-]{subsection.5.4}{\376\377\0005\000.\0004\000\040\000S\000o\000u\000r\000c\000e\000\040\000C\000o\000d\000e\000\040\000F\000i\000l\000e\000\040\000I\000n\000v\000e\000n\000t\000o\000r\000y}{section.5}% 18
\BOOKMARK [1][-]{section.6}{\376\377\0006\000\040\000S\000c\000o\000p\000e\000\040\000A\000d\000j\000u\000s\000t\000m\000e\000n\000t\000\040\000C\000o\000n\000t\000e\000x\000t}{}% 19
\BOOKMARK [1][-]{section.7}{\376\377\0007\000\040\000D\000a\000t\000a\000\040\000D\000i\000c\000t\000i\000o\000n\000a\000r\000y}{}% 20
\BOOKMARK [2][-]{subsection.7.1}{\376\377\0007\000.\0001\000\040\000U\000s\000e\000r}{section.7}% 21
\BOOKMARK [2][-]{subsection.7.2}{\376\377\0007\000.\0002\000\040\000C\000l\000i\000e\000n\000t}{section.7}% 22
\BOOKMARK [2][-]{subsection.7.3}{\376\377\0007\000.\0003\000\040\000P\000r\000o\000v\000i\000d\000e\000r}{section.7}% 23
\BOOKMARK [2][-]{subsection.7.4}{\376\377\0007\000.\0004\000\040\000A\000p\000p\000o\000i\000n\000t\000m\000e\000n\000t}{section.7}% 24
\BOOKMARK [2][-]{subsection.7.5}{\376\377\0007\000.\0005\000\040\000A\000v\000a\000i\000l\000a\000b\000i\000l\000i\000t\000y\000S\000l\000o\000t}{section.7}% 25
\BOOKMARK [2][-]{subsection.7.6}{\376\377\0007\000.\0006\000\040\000C\000a\000r\000e\000P\000l\000a\000n}{section.7}% 26
\BOOKMARK [2][-]{subsection.7.7}{\376\377\0007\000.\0007\000\040\000C\000h\000e\000c\000k\000I\000n}{section.7}% 27
\BOOKMARK [2][-]{subsection.7.8}{\376\377\0007\000.\0008\000\040\000M\000e\000s\000s\000a\000g\000e}{section.7}% 28
\BOOKMARK [2][-]{subsection.7.9}{\376\377\0007\000.\0009\000\040\000C\000l\000i\000e\000n\000t\000D\000o\000c\000u\000m\000e\000n\000t}{section.7}% 29
\BOOKMARK [2][-]{subsection.7.10}{\376\377\0007\000.\0001\0000\000\040\000B\000l\000o\000g\000P\000o\000s\000t}{section.7}% 30
\BOOKMARK [2][-]{subsection.7.11}{\376\377\0007\000.\0001\0001\000\040\000R\000e\000s\000o\000u\000r\000c\000e}{section.7}% 31
\BOOKMARK [2][-]{subsection.7.12}{\376\377\0007\000.\0001\0002\000\040\000S\000u\000p\000p\000o\000r\000t\000i\000n\000g\000\040\000M\000o\000d\000e\000l\000s}{section.7}% 32
\BOOKMARK [2][-]{subsection.7.13}{\376\377\0007\000.\0001\0003\000\040\000E\000n\000t\000i\000t\000y\000\040\000R\000e\000l\000a\000t\000i\000o\000n\000s\000h\000i\000p\000\040\000S\000u\000m\000m\000a\000r\000y}{section.7}% 33
\BOOKMARK [1][-]{section.8}{\376\377\0008\000\040\000A\000p\000p\000l\000i\000c\000a\000t\000i\000o\000n\000\040\000D\000e\000m\000o\000n\000s\000t\000r\000a\000t\000i\000o\000n}{}% 34
\BOOKMARK [2][-]{subsection.8.1}{\376\377\0008\000.\0001\000\040\000V\000i\000d\000e\000o\000\040\000D\000e\000m\000o\000n\000s\000t\000r\000a\000t\000i\000o\000n}{section.8}% 35
\BOOKMARK [1][-]{section.9}{\376\377\0009\000\040\000M\000o\000d\000u\000l\000e\000\040\000T\000e\000s\000t\000\040\000C\000a\000s\000e\000s\000\040\000\050\000T\000e\000s\000t\000\040\000P\000l\000a\000n\000\051}{}% 36
\BOOKMARK [2][-]{subsection.9.1}{\376\377\0009\000.\0001\000\040\000T\000e\000s\000t\000\040\000C\000a\000s\000e\000\040\000S\000u\000m\000m\000a\000r\000y}{section.9}% 37
\BOOKMARK [2][-]{subsection.9.2}{\376\377\0009\000.\0002\000\040\000D\000e\000t\000a\000i\000l\000e\000d\000\040\000T\000e\000s\000t\000\040\000C\000a\000s\000e\000\040\000S\000p\000e\000c\000i\000f\000i\000c\000a\000t\000i\000o\000n\000s}{section.9}% 38
\BOOKMARK [1][-]{section.10}{\376\377\0001\0000\000\040\000A\000p\000p\000l\000i\000c\000a\000t\000i\000o\000n\000\040\000S\000c\000r\000e\000e\000n\000s\000h\000o\000t\000s}{}% 39
\BOOKMARK [2][-]{subsection.10.1}{\376\377\0001\0000\000.\0001\000\040\000P\000u\000b\000l\000i\000c\000\040\000W\000e\000b\000s\000i\000t\000e\000\040\000\050\000F\000R\0001\000\051}{section.10}% 40
\BOOKMARK [2][-]{subsection.10.2}{\376\377\0001\0000\000.\0002\000\040\000P\000r\000o\000v\000i\000d\000e\000r\000\040\000D\000a\000s\000h\000b\000o\000a\000r\000d\000\040\000\050\000F\000R\0003\000,\000\040\000F\000R\0009\000,\000\040\000F\000R\0001\0001\000\051}{section.10}% 41
\BOOKMARK [2][-]{subsection.10.3}{\376\377\0001\0000\000.\0003\000\040\000C\000l\000i\000e\000n\000t\000\040\000D\000a\000s\000h\000b\000o\000a\000r\000d\000\040\000\050\000F\000R\0003\000,\000\040\000F\000R\0004\000,\000\040\000F\000R\0005\000,\000\040\000F\000R\0006\000,\000\040\000F\000R\0007\000,\000\040\000F\000R\0008\000,\000\040\000D\000o\000c\000u\000m\000e\000n\000t\000s\000\051}{section.10}% 42
\BOOKMARK [0][-]{part*.58}{\376\377\000M\000i\000l\000e\000s\000t\000o\000n\000e\000\040\0005\000:\000\040\000T\000e\000s\000t\000i\000n\000g\000\040\000P\000h\000a\000s\000e}{}% 43
\BOOKMARK [1][-]{section.11}{\376\377\0001\0001\000\040\000T\000e\000s\000t\000i\000n\000g\000\040\000O\000b\000j\000e\000c\000t\000i\000v\000e}{part*.58}% 44
\BOOKMARK [2][-]{subsection.11.1}{\376\377\0001\0001\000.\0001\000\040\000T\000e\000s\000t\000i\000n\000g\000\040\000F\000r\000a\000m\000e\000w\000o\000r\000k\000\040\000a\000n\000d\000\040\000T\000o\000o\000l\000s}{section.11}% 45
\BOOKMARK [2][-]{subsection.11.2}{\376\377\0001\0001\000.\0002\000\040\000T\000e\000s\000t\000\040\000O\000r\000g\000a\000n\000i\000z\000a\000t\000i\000o\000n}{section.11}% 46
\BOOKMARK [1][-]{section.12}{\376\377\0001\0002\000\040\000C\000o\000m\000p\000o\000n\000e\000n\000t\000\040\000T\000e\000s\000t\000i\000n\000g}{part*.58}% 47
\BOOKMARK [2][-]{subsection.12.1}{\376\377\0001\0002\000.\0001\000\040\000B\000a\000c\000k\000e\000n\000d\000\040\000U\000n\000i\000t\000\040\000T\000e\000s\000t\000i\000n\000g}{section.12}% 48
\BOOKMARK [3][-]{subsubsection.12.1.1}{\376\377\0001\0002\000.\0001\000.\0001\000\040\000E\000r\000r\000o\000r\000\040\000H\000a\000n\000d\000l\000i\000n\000g\000\040\000C\000l\000a\000s\000s\000e\000s\000\040\040\024\000\040\000b\000a\000c\000k\000e\000n\000d\000/\000t\000e\000s\000t\000s\000/\000u\000t\000i\000l\000s\000/\000e\000r\000r\000o\000r\000s\000.\000t\000e\000s\000t\000.\000t\000s}{subsection.12.1}% 49
\BOOKMARK [3][-]{subsubsection.12.1.2}{\376\377\0001\0002\000.\0001\000.\0002\000\040\000T\000o\000k\000e\000n\000\040\000U\000t\000i\000l\000i\000t\000i\000e\000s\000\040\040\024\000\040\000b\000a\000c\000k\000e\000n\000d\000/\000t\000e\000s\000t\000s\000/\000u\000t\000i\000l\000s\000/\000t\000o\000k\000e\000n\000U\000t\000i\000l\000s\000.\000t\000e\000s\000t\000.\000t\000s}{subsection.12.1}% 50
\BOOKMARK [3][-]{subsubsection.12.1.3}{\376\377\0001\0002\000.\0001\000.\0003\000\040\000Q\000u\000e\000r\000y\000\040\000O\000p\000t\000i\000m\000i\000z\000a\000t\000i\000o\000n\000\040\040\024\000\040\000b\000a\000c\000k\000e\000n\000d\000/\000t\000e\000s\000t\000s\000/\000u\000t\000i\000l\000s\000/\000q\000u\000e\000r\000y\000O\000p\000t\000i\000m\000i\000z\000a\000t\000i\000o\000n\000.\000t\000e\000s\000t\000.\000t\000s}{subsection.12.1}% 51
\BOOKMARK [3][-]{subsubsection.12.1.4}{\376\377\0001\0002\000.\0001\000.\0004\000\040\000M\000i\000d\000d\000l\000e\000w\000a\000r\000e\000\040\000S\000t\000a\000c\000k\000\040\040\024\000\040\000b\000a\000c\000k\000e\000n\000d\000/\000t\000e\000s\000t\000s\000/\000m\000i\000d\000d\000l\000e\000w\000a\000r\000e\000/\000i\000n\000d\000e\000x\000.\000t\000e\000s\000t\000.\000t\000s}{subsection.12.1}% 52
\BOOKMARK [3][-]{subsubsection.12.1.5}{\376\377\0001\0002\000.\0001\000.\0005\000\040\000C\000a\000c\000h\000e\000\040\000M\000i\000d\000d\000l\000e\000w\000a\000r\000e\000\040\040\024\000\040\000b\000a\000c\000k\000e\000n\000d\000/\000t\000e\000s\000t\000s\000/\000m\000i\000d\000d\000l\000e\000w\000a\000r\000e\000/\000c\000a\000c\000h\000e\000M\000i\000d\000d\000l\000e\000w\000a\000r\000e\000.\000t\000e\000s\000t\000.\000t\000s}{subsection.12.1}% 53
\BOOKMARK [2][-]{subsection.12.2}{\376\377\0001\0002\000.\0002\000\040\000B\000a\000c\000k\000e\000n\000d\000\040\000S\000e\000r\000v\000i\000c\000e\000\040\000T\000e\000s\000t\000i\000n\000g}{section.12}% 54
\BOOKMARK [3][-]{subsubsection.12.2.1}{\376\377\0001\0002\000.\0002\000.\0001\000\040\000C\000h\000e\000c\000k\000-\000i\000n\000\040\000T\000r\000e\000n\000d\000\040\000S\000e\000r\000v\000i\000c\000e\000\040\040\024\000\040\000b\000a\000c\000k\000e\000n\000d\000/\000t\000e\000s\000t\000s\000/\000s\000e\000r\000v\000i\000c\000e\000s\000/\000c\000h\000e\000c\000k\000i\000n\000T\000r\000e\000n\000d\000S\000e\000r\000v\000i\000c\000e\000.\000t\000e\000s\000t\000.\000t\000s}{subsection.12.2}% 55
\BOOKMARK [3][-]{subsubsection.12.2.2}{\376\377\0001\0002\000.\0002\000.\0002\000\040\000A\000p\000p\000o\000i\000n\000t\000m\000e\000n\000t\000\040\000N\000o\000t\000i\000f\000i\000c\000a\000t\000i\000o\000n\000\040\000S\000e\000r\000v\000i\000c\000e\000\040\040\024\000\040\000b\000a\000c\000k\000e\000n\000d\000/\000t\000e\000s\000t\000s\000/\000s\000e\000r\000v\000i\000c\000e\000s\000/\000a\000p\000p\000o\000i\000n\000t\000m\000e\000n\000t\000N\000o\000t\000i\000f\000i\000c\000a\000t\000i\000o\000n\000S\000e\000r\000v\000i\000c\000e\000.\000t\000e\000s\000t\000.\000t\000s}{subsection.12.2}% 56
\BOOKMARK [3][-]{subsubsection.12.2.3}{\376\377\0001\0002\000.\0002\000.\0003\000\040\000A\000p\000p\000o\000i\000n\000t\000m\000e\000n\000t\000\040\000R\000e\000m\000i\000n\000d\000e\000r\000\040\000S\000e\000r\000v\000i\000c\000e\000\040\040\024\000\040\000b\000a\000c\000k\000e\000n\000d\000/\000t\000e\000s\000t\000s\000/\000s\000e\000r\000v\000i\000c\000e\000s\000/\000a\000p\000p\000o\000i\000n\000t\000m\000e\000n\000t\000R\000e\000m\000i\000n\000d\000e\000r\000S\000e\000r\000v\000i\000c\000e\000.\000t\000e\000s\000t\000.\000t\000s}{subsection.12.2}% 57
\BOOKMARK [3][-]{subsubsection.12.2.4}{\376\377\0001\0002\000.\0002\000.\0004\000\040\000C\000a\000c\000h\000e\000\040\000S\000e\000r\000v\000i\000c\000e\000\040\040\024\000\040\000b\000a\000c\000k\000e\000n\000d\000/\000t\000e\000s\000t\000s\000/\000s\000e\000r\000v\000i\000c\000e\000s\000/\000c\000a\000c\000h\000e\000S\000e\000r\000v\000i\000c\000e\000.\000t\000e\000s\000t\000.\000t\000s}{subsection.12.2}% 58
\BOOKMARK [3][-]{subsubsection.12.2.5}{\376\377\0001\0002\000.\0002\000.\0005\000\040\000E\000m\000a\000i\000l\000\040\000S\000e\000r\000v\000i\000c\000e\000\040\040\024\000\040\000b\000a\000c\000k\000e\000n\000d\000/\000t\000e\000s\000t\000s\000/\000s\000e\000r\000v\000i\000c\000e\000s\000/\000e\000m\000a\000i\000l\000S\000e\000r\000v\000i\000c\000e\000.\000t\000e\000s\000t\000.\000t\000s}{subsection.12.2}% 59
\BOOKMARK [3][-]{subsubsection.12.2.6}{\376\377\0001\0002\000.\0002\000.\0006\000\040\000S\000o\000c\000k\000e\000t\000\040\000C\000o\000n\000n\000e\000c\000t\000i\000o\000n\000\040\000M\000a\000n\000a\000g\000e\000r\000\040\040\024\000\040\000b\000a\000c\000k\000e\000n\000d\000/\000t\000e\000s\000t\000s\000/\000s\000e\000r\000v\000i\000c\000e\000s\000/\000s\000o\000c\000k\000e\000t\000C\000o\000n\000n\000e\000c\000t\000i\000o\000n\000M\000a\000n\000a\000g\000e\000r\000.\000t\000e\000s\000t\000.\000t\000s}{subsection.12.2}% 60
\BOOKMARK [3][-]{subsubsection.12.2.7}{\376\377\0001\0002\000.\0002\000.\0007\000\040\000M\000e\000s\000s\000a\000g\000e\000\040\000R\000a\000t\000e\000\040\000L\000i\000m\000i\000t\000e\000r\000\040\040\024\000\040\000b\000a\000c\000k\000e\000n\000d\000/\000t\000e\000s\000t\000s\000/\000s\000e\000r\000v\000i\000c\000e\000s\000/\000m\000e\000s\000s\000a\000g\000e\000R\000a\000t\000e\000L\000i\000m\000i\000t\000e\000r\000.\000t\000e\000s\000t\000.\000t\000s}{subsection.12.2}% 61
\BOOKMARK [2][-]{subsection.12.3}{\376\377\0001\0002\000.\0003\000\040\000B\000a\000c\000k\000e\000n\000d\000\040\000I\000n\000t\000e\000g\000r\000a\000t\000i\000o\000n\000\040\000T\000e\000s\000t\000i\000n\000g}{section.12}% 62
\BOOKMARK [3][-]{subsubsection.12.3.1}{\376\377\0001\0002\000.\0003\000.\0001\000\040\000A\000u\000t\000h\000e\000n\000t\000i\000c\000a\000t\000i\000o\000n\000\040\000\046\000\040\000P\000u\000b\000l\000i\000c\000\040\000R\000o\000u\000t\000e\000s\000\040\040\024\000\040\000b\000a\000c\000k\000e\000n\000d\000/\000t\000e\000s\000t\000s\000/\000i\000n\000t\000e\000g\000r\000a\000t\000i\000o\000n\000/\000a\000u\000t\000h\000.\000p\000u\000b\000l\000i\000c\000.\000t\000e\000s\000t\000.\000t\000s}{subsection.12.3}% 63
\BOOKMARK [3][-]{subsubsection.12.3.2}{\376\377\0001\0002\000.\0003\000.\0002\000\040\000S\000c\000h\000e\000d\000u\000l\000i\000n\000g\000\040\000\046\000\040\000B\000o\000o\000k\000i\000n\000g\000\040\000W\000o\000r\000k\000f\000l\000o\000w\000\040\040\024\000\040\000b\000a\000c\000k\000e\000n\000d\000/\000t\000e\000s\000t\000s\000/\000i\000n\000t\000e\000g\000r\000a\000t\000i\000o\000n\000/\000s\000c\000h\000e\000d\000u\000l\000i\000n\000g\000.\000t\000e\000s\000t\000.\000t\000s}{subsection.12.3}% 64
\BOOKMARK [3][-]{subsubsection.12.3.3}{\376\377\0001\0002\000.\0003\000.\0003\000\040\000I\000n\000t\000a\000k\000e\000\040\000F\000o\000r\000m\000\040\040\024\000\040\000b\000a\000c\000k\000e\000n\000d\000/\000t\000e\000s\000t\000s\000/\000i\000n\000t\000e\000g\000r\000a\000t\000i\000o\000n\000/\000i\000n\000t\000a\000k\000e\000.\000t\000e\000s\000t\000.\000t\000s}{subsection.12.3}% 65
\BOOKMARK [3][-]{subsubsection.12.3.4}{\376\377\0001\0002\000.\0003\000.\0004\000\040\000C\000h\000e\000c\000k\000-\000i\000n\000\040\040\024\000\040\000b\000a\000c\000k\000e\000n\000d\000/\000t\000e\000s\000t\000s\000/\000i\000n\000t\000e\000g\000r\000a\000t\000i\000o\000n\000/\000c\000h\000e\000c\000k\000i\000n\000s\000.\000t\000e\000s\000t\000.\000t\000s}{subsection.12.3}% 66
\BOOKMARK [3][-]{subsubsection.12.3.5}{\376\377\0001\0002\000.\0003\000.\0005\000\040\000C\000a\000r\000e\000\040\000P\000l\000a\000n\000s\000\040\040\024\000\040\000b\000a\000c\000k\000e\000n\000d\000/\000t\000e\000s\000t\000s\000/\000i\000n\000t\000e\000g\000r\000a\000t\000i\000o\000n\000/\000c\000a\000r\000e\000P\000l\000a\000n\000s\000.\000t\000e\000s\000t\000.\000t\000s}{subsection.12.3}% 67
\BOOKMARK [3][-]{subsubsection.12.3.6}{\376\377\0001\0002\000.\0003\000.\0006\000\040\000A\000p\000p\000o\000i\000n\000t\000m\000e\000n\000t\000s\000\040\000\046\000\040\000M\000e\000s\000s\000a\000g\000e\000s\000\040\040\024\000\040\000b\000a\000c\000k\000e\000n\000d\000/\000t\000e\000s\000t\000s\000/\000i\000n\000t\000e\000g\000r\000a\000t\000i\000o\000n\000/\000a\000p\000p\000o\000i\000n\000t\000m\000e\000n\000t\000s\000\137\000m\000e\000s\000s\000a\000g\000e\000s\000.\000t\000e\000s\000t\000.\000t\000s}{subsection.12.3}% 68
\BOOKMARK [3][-]{subsubsection.12.3.7}{\376\377\0001\0002\000.\0003\000.\0007\000\040\000R\000e\000s\000o\000u\000r\000c\000e\000s\000\040\000A\000P\000I\000\040\040\024\000\040\000b\000a\000c\000k\000e\000n\000d\000/\000t\000e\000s\000t\000s\000/\000i\000n\000t\000e\000g\000r\000a\000t\000i\000o\000n\000/\000r\000e\000s\000o\000u\000r\000c\000e\000s\000-\000a\000p\000i\000.\000t\000e\000s\000t\000.\000t\000s}{subsection.12.3}% 69
\BOOKMARK [2][-]{subsection.12.4}{\376\377\0001\0002\000.\0004\000\040\000F\000r\000o\000n\000t\000e\000n\000d\000\040\000C\000o\000m\000p\000o\000n\000e\000n\000t\000\040\000T\000e\000s\000t\000i\000n\000g}{section.12}% 70
\BOOKMARK [3][-]{subsubsection.12.4.1}{\376\377\0001\0002\000.\0004\000.\0001\000\040\000S\000e\000r\000v\000i\000c\000e\000\040\000L\000a\000y\000e\000r\000\040\000T\000e\000s\000t\000s\000\040\000\050\0001\0006\000\040\000f\000i\000l\000e\000s\000,\000\040\0001\0002\0000\000+\000\040\000t\000e\000s\000t\000s\000\051}{subsection.12.4}% 71
\BOOKMARK [3][-]{subsubsection.12.4.2}{\376\377\0001\0002\000.\0004\000.\0002\000\040\000C\000o\000m\000p\000o\000n\000e\000n\000t\000\040\000T\000e\000s\000t\000s\000\040\000\050\0005\0000\000+\000\040\000f\000i\000l\000e\000s\000,\000\040\0004\0000\0000\000+\000\040\000t\000e\000s\000t\000s\000\051}{subsection.12.4}% 72
\BOOKMARK [3][-]{subsubsection.12.4.3}{\376\377\0001\0002\000.\0004\000.\0003\000\040\000P\000a\000g\000e\000-\000L\000e\000v\000e\000l\000\040\000T\000e\000s\000t\000s\000\040\000\050\0001\0000\000\040\000f\000i\000l\000e\000s\000\051}{subsection.12.4}% 73
\BOOKMARK [3][-]{subsubsection.12.4.4}{\376\377\0001\0002\000.\0004\000.\0004\000\040\000H\000o\000o\000k\000\040\000a\000n\000d\000\040\000C\000o\000n\000t\000e\000x\000t\000\040\000T\000e\000s\000t\000s\000\040\000\050\0005\000\040\000f\000i\000l\000e\000s\000\051}{subsection.12.4}% 74
\BOOKMARK [1][-]{section.13}{\376\377\0001\0003\000\040\000A\000u\000t\000o\000m\000a\000t\000e\000d\000\040\000T\000e\000s\000t\000\040\000E\000x\000e\000c\000u\000t\000i\000o\000n\000\040\000R\000e\000s\000u\000l\000t\000s}{part*.58}% 75
\BOOKMARK [2][-]{subsection.13.1}{\376\377\0001\0003\000.\0001\000\040\000B\000a\000c\000k\000e\000n\000d\000\040\000T\000e\000s\000t\000\040\000R\000e\000s\000u\000l\000t\000s}{section.13}% 76
\BOOKMARK [2][-]{subsection.13.2}{\376\377\0001\0003\000.\0002\000\040\000F\000r\000o\000n\000t\000e\000n\000d\000\040\000T\000e\000s\000t\000\040\000R\000e\000s\000u\000l\000t\000s}{section.13}% 77
\BOOKMARK [1][-]{section.14}{\376\377\0001\0004\000\040\000R\000e\000q\000u\000i\000r\000e\000m\000e\000n\000t\000s\000\040\000T\000e\000s\000t\000i\000n\000g}{part*.58}% 78
\BOOKMARK [1][-]{section.15}{\376\377\0001\0005\000\040\000S\000y\000s\000t\000e\000m\000\040\000T\000e\000s\000t\000i\000n\000g}{part*.58}% 79
\BOOKMARK [2][-]{subsection.15.1}{\376\377\0001\0005\000.\0001\000\040\000P\000a\000r\000t\000\040\0001\000:\000\040\000S\000y\000s\000t\000e\000m\000\040\000T\000e\000s\000t\000\040\000P\000l\000a\000n\000\040\000O\000v\000e\000r\000v\000i\000e\000w}{section.15}% 80
\BOOKMARK [2][-]{subsection.15.2}{\376\377\0001\0005\000.\0002\000\040\000P\000a\000r\000t\000\040\0002\000:\000\040\000S\000y\000s\000t\000e\000m\000\040\000T\000e\000s\000t\000\040\000S\000c\000o\000p\000e\000\040\000a\000n\000d\000\040\000R\000e\000s\000o\000u\000r\000c\000e\000s}{section.15}% 81
\BOOKMARK [2][-]{subsection.15.3}{\376\377\0001\0005\000.\0003\000\040\000P\000a\000r\000t\000\040\0003\000:\000\040\000S\000y\000s\000t\000e\000m\000\040\000T\000e\000s\000t\000\040\000S\000t\000r\000a\000t\000e\000g\000y}{section.15}% 82
\BOOKMARK [1][-]{section.16}{\376\377\0001\0006\000\040\000C\000o\000d\000e\000b\000a\000s\000e\000\040\000Q\000u\000a\000l\000i\000t\000y\000\040\000H\000a\000r\000d\000e\000n\000i\000n\000g}{part*.58}% 83
\BOOKMARK [2][-]{subsection.16.1}{\376\377\0001\0006\000.\0001\000\040\000D\000e\000p\000e\000n\000d\000e\000n\000c\000y\000\040\000V\000u\000l\000n\000e\000r\000a\000b\000i\000l\000i\000t\000y\000\040\000R\000e\000m\000e\000d\000i\000a\000t\000i\000o\000n}{section.16}% 84
\BOOKMARK [2][-]{subsection.16.2}{\376\377\0001\0006\000.\0002\000\040\000T\000y\000p\000e\000S\000c\000r\000i\000p\000t\000\040\000T\000y\000p\000e\000\040\000S\000a\000f\000e\000t\000y}{section.16}% 85
\BOOKMARK [2][-]{subsection.16.3}{\376\377\0001\0006\000.\0003\000\040\000S\000e\000r\000v\000i\000c\000e\000\040\000L\000a\000y\000e\000r\000\040\000A\000r\000c\000h\000i\000t\000e\000c\000t\000u\000r\000e}{section.16}% 86
\BOOKMARK [2][-]{subsection.16.4}{\376\377\0001\0006\000.\0004\000\040\000F\000r\000o\000n\000t\000e\000n\000d\000\040\000P\000e\000r\000f\000o\000r\000m\000a\000n\000c\000e\000\040\000O\000p\000t\000i\000m\000i\000z\000a\000t\000i\000o\000n}{section.16}% 87
\BOOKMARK [2][-]{subsection.16.5}{\376\377\0001\0006\000.\0005\000\040\000C\000I\000/\000C\000D\000\040\000a\000n\000d\000\040\000D\000e\000v\000e\000l\000o\000p\000e\000r\000\040\000E\000x\000p\000e\000r\000i\000e\000n\000c\000e}{section.16}% 88
\BOOKMARK [1][-]{section.17}{\376\377\0001\0007\000\040\000Q\000u\000a\000l\000i\000t\000y\000\040\000M\000e\000t\000r\000i\000c\000s\000\040\000a\000n\000d\000\040\000T\000e\000s\000t\000\040\000S\000u\000m\000m\000a\000r\000y\000\040\000R\000e\000p\000o\000r\000t}{part*.58}% 89
\BOOKMARK [2][-]{subsection.17.1}{\376\377\0001\0007\000.\0001\000\040\000C\000o\000m\000b\000i\000n\000e\000d\000\040\000T\000e\000s\000t\000\040\000S\000u\000i\000t\000e\000\040\000S\000u\000m\000m\000a\000r\000y}{section.17}% 90
\BOOKMARK [2][-]{subsection.17.2}{\376\377\0001\0007\000.\0002\000\040\000C\000o\000v\000e\000r\000a\000g\000e\000\040\000A\000n\000a\000l\000y\000s\000i\000s}{section.17}% 91
\BOOKMARK [2][-]{subsection.17.3}{\376\377\0001\0007\000.\0003\000\040\000D\000e\000f\000e\000c\000t\000\040\000S\000u\000m\000m\000a\000r\000y}{section.17}% 92
\BOOKMARK [2][-]{subsection.17.4}{\376\377\0001\0007\000.\0004\000\040\000T\000e\000s\000t\000\040\000A\000n\000a\000l\000y\000s\000i\000s\000\040\000A\000p\000p\000r\000o\000v\000a\000l}{section.17}% 93
